[2026-04-13T15:58:53.212Z] Native host started
[2026-04-13T15:58:53.257Z] Received message: {"action":"list_profiles"}
[2026-04-13T15:58:53.258Z] Listing profiles...
[2026-04-13T15:58:53.296Z] Found 3 profiles
[2026-04-13T15:58:53.298Z] Sent response: {"success":true,"profiles":[{"directory":"Default","name":"Vijay"},{"directory":"Profile 2","name":"Vijay"},{"directory":"Profile 1","name":"Vijay Adithya"}]}
[2026-04-13T15:59:04.535Z] Native host started
[2026-04-13T15:59:04.547Z] Received message: {"action":"list_profiles"}
[2026-04-13T15:59:04.549Z] Listing profiles...
[2026-04-13T15:59:04.565Z] Found 3 profiles
[2026-04-13T15:59:04.567Z] Sent response: {"success":true,"profiles":[{"directory":"Default","name":"Vijay"},{"directory":"Profile 2","name":"Vijay"},{"directory":"Profile 1","name":"Vijay Adithya"}]}
[2026-04-13T15:59:32.559Z] Native host started
[2026-04-13T15:59:32.565Z] Received message: {"action":"open","url":"https://www.geeksforgeeks.org/problems/next-smallest-palindrome4740/1","profile":"Profile 1"}
[2026-04-13T15:59:32.565Z] Attempting to open URL: https://www.geeksforgeeks.org/problems/next-smallest-palindrome4740/1 in profile: Profile 1
[2026-04-13T15:59:32.567Z] Running command: "C:\Program Files\Google\Chrome\Application\chrome.exe" --profile-directory=Profile 1 --user-data-dir=C:\Users\vijay\AppData\Local\Google\Chrome\User Data https://www.geeksforgeeks.org/problems/next-smallest-palindrome4740/1
[2026-04-13T15:59:32.577Z] Process spawned successfully
[2026-04-13T15:59:32.578Z] Sent response: {"success":true}
[2026-04-13T15:59:47.031Z] Native host started
[2026-04-13T15:59:47.041Z] Received message: {"action":"open","url":"https://leetcode.com/problems/minimum-distance-to-the-target-element?envType=daily-question&envId=2026-04-13","profile":"Profile 1"}
[2026-04-13T15:59:47.042Z] Attempting to open URL: https://leetcode.com/problems/minimum-distance-to-the-target-element?envType=daily-question&envId=2026-04-13 in profile: Profile 1
[2026-04-13T15:59:47.042Z] Running command: "C:\Program Files\Google\Chrome\Application\chrome.exe" --profile-directory=Profile 1 https://leetcode.com/problems/minimum-distance-to-the-target-element?envType=daily-question&envId=2026-04-13
[2026-04-13T15:59:47.050Z] Process spawned successfully
[2026-04-13T15:59:47.052Z] Sent response: {"success":true}
[2026-04-13T16:00:45.818Z] Native host started
[2026-04-13T16:00:45.841Z] Received message: {"action":"open","url":"https://www.geeksforgeeks.org/problems/next-smallest-palindrome4740/1","profile":"Profile 1"}
[2026-04-13T16:00:45.841Z] Attempting to open URL: https://www.geeksforgeeks.org/problems/next-smallest-palindrome4740/1 in profile: Profile 1
[2026-04-13T16:00:45.842Z] Running command: "C:\Program Files\Google\Chrome\Application\chrome.exe" --profile-directory="Profile 1" --new-window https://www.geeksforgeeks.org/problems/next-smallest-palindrome4740/1
[2026-04-13T16:00:45.862Z] Process spawned successfully
[2026-04-13T16:00:45.864Z] Sent response: {"success":true}
[2026-04-13T16:00:46.202Z] Native host started
[2026-04-13T16:00:46.208Z] Received message: {"action":"open","url":"https://www.geeksforgeeks.org/problems/next-smallest-palindrome4740/1","profile":"Profile 1"}
[2026-04-13T16:00:46.208Z] Attempting to open URL: https://www.geeksforgeeks.org/problems/next-smallest-palindrome4740/1 in profile: Profile 1
[2026-04-13T16:00:46.208Z] Running command: "C:\Program Files\Google\Chrome\Application\chrome.exe" --profile-directory="Profile 1" --new-window https://www.geeksforgeeks.org/problems/next-smallest-palindrome4740/1
[2026-04-13T16:00:46.221Z] Process spawned successfully
[2026-04-13T16:00:46.222Z] Sent response: {"success":true}
[2026-04-13T16:00:46.457Z] Native host started
[2026-04-13T16:00:46.462Z] Received message: {"action":"open","url":"https://www.geeksforgeeks.org/problems/next-smallest-palindrome4740/1","profile":"Profile 1"}
[2026-04-13T16:00:46.463Z] Attempting to open URL: https://www.geeksforgeeks.org/problems/next-smallest-palindrome4740/1 in profile: Profile 1
[2026-04-13T16:00:46.463Z] Running command: "C:\Program Files\Google\Chrome\Application\chrome.exe" --profile-directory="Profile 1" --new-window https://www.geeksforgeeks.org/problems/next-smallest-palindrome4740/1
[2026-04-13T16:00:46.481Z] Process spawned successfully
[2026-04-13T16:00:46.482Z] Sent response: {"success":true}
[2026-04-13T16:00:46.654Z] Native host started
[2026-04-13T16:00:46.659Z] Received message: {"action":"open","url":"https://www.geeksforgeeks.org/problems/next-smallest-palindrome4740/1","profile":"Profile 1"}
[2026-04-13T16:00:46.660Z] Attempting to open URL: https://www.geeksforgeeks.org/problems/next-smallest-palindrome4740/1 in profile: Profile 1
[2026-04-13T16:00:46.660Z] Running command: "C:\Program Files\Google\Chrome\Application\chrome.exe" --profile-directory="Profile 1" --new-window https://www.geeksforgeeks.org/problems/next-smallest-palindrome4740/1
[2026-04-13T16:00:46.675Z] Process spawned successfully
[2026-04-13T16:00:46.676Z] Sent response: {"success":true}
[2026-04-13T16:00:46.805Z] Native host started
[2026-04-13T16:00:46.810Z] Received message: {"action":"open","url":"https://www.geeksforgeeks.org/problems/next-smallest-palindrome4740/1","profile":"Profile 1"}
[2026-04-13T16:00:46.811Z] Attempting to open URL: https://www.geeksforgeeks.org/problems/next-smallest-palindrome4740/1 in profile: Profile 1
[2026-04-13T16:00:46.811Z] Running command: "C:\Program Files\Google\Chrome\Application\chrome.exe" --profile-directory="Profile 1" --new-window https://www.geeksforgeeks.org/problems/next-smallest-palindrome4740/1
[2026-04-13T16:00:46.826Z] Process spawned successfully
[2026-04-13T16:00:46.828Z] Sent response: {"success":true}
[2026-04-13T16:00:47.558Z] Native host started
[2026-04-13T16:00:47.565Z] Received message: {"action":"list_profiles"}
[2026-04-13T16:00:47.565Z] Listing profiles...
[2026-04-13T16:00:47.594Z] Found 3 profiles
[2026-04-13T16:00:47.595Z] Sent response: {"success":true,"profiles":[{"directory":"Default","name":"Vijay"},{"directory":"Profile 2","name":"Vijay"},{"directory":"Profile 1","name":"Vijay Adithya"}]}
[2026-04-13T16:00:49.573Z] Native host started
[2026-04-13T16:00:49.579Z] Received message: {"action":"list_profiles"}
[2026-04-13T16:00:49.579Z] Listing profiles...
[2026-04-13T16:00:49.589Z] Found 3 profiles
[2026-04-13T16:00:49.590Z] Sent response: {"success":true,"profiles":[{"directory":"Default","name":"Vijay"},{"directory":"Profile 2","name":"Vijay"},{"directory":"Profile 1","name":"Vijay Adithya"}]}
[2026-04-13T16:00:51.972Z] Native host started
[2026-04-13T16:00:51.978Z] Received message: {"action":"open","url":"https://www.geeksforgeeks.org/problems/next-smallest-palindrome4740/1","profile":"Profile 1"}
[2026-04-13T16:00:51.978Z] Attempting to open URL: https://www.geeksforgeeks.org/problems/next-smallest-palindrome4740/1 in profile: Profile 1
[2026-04-13T16:00:51.979Z] Running command: "C:\Program Files\Google\Chrome\Application\chrome.exe" --profile-directory="Profile 1" --new-window https://www.geeksforgeeks.org/problems/next-smallest-palindrome4740/1
[2026-04-13T16:00:51.992Z] Process spawned successfully
[2026-04-13T16:00:51.993Z] Sent response: {"success":true}
[2026-04-13T16:00:52.456Z] Native host started
[2026-04-13T16:00:52.462Z] Received message: {"action":"open","url":"https://www.geeksforgeeks.org/problems/next-smallest-palindrome4740/1","profile":"Profile 1"}
[2026-04-13T16:00:52.463Z] Attempting to open URL: https://www.geeksforgeeks.org/problems/next-smallest-palindrome4740/1 in profile: Profile 1
[2026-04-13T16:00:52.463Z] Running command: "C:\Program Files\Google\Chrome\Application\chrome.exe" --profile-directory="Profile 1" --new-window https://www.geeksforgeeks.org/problems/next-smallest-palindrome4740/1
[2026-04-13T16:00:52.477Z] Process spawned successfully
[2026-04-13T16:00:52.478Z] Sent response: {"success":true}
[2026-04-13T16:00:52.621Z] Native host started
[2026-04-13T16:00:52.627Z] Received message: {"action":"open","url":"https://www.geeksforgeeks.org/problems/next-smallest-palindrome4740/1","profile":"Profile 1"}
[2026-04-13T16:00:52.627Z] Attempting to open URL: https://www.geeksforgeeks.org/problems/next-smallest-palindrome4740/1 in profile: Profile 1
[2026-04-13T16:00:52.628Z] Running command: "C:\Program Files\Google\Chrome\Application\chrome.exe" --profile-directory="Profile 1" --new-window https://www.geeksforgeeks.org/problems/next-smallest-palindrome4740/1
[2026-04-13T16:00:52.641Z] Process spawned successfully
[2026-04-13T16:00:52.642Z] Sent response: {"success":true}
[2026-04-13T16:00:52.781Z] Native host started
[2026-04-13T16:00:52.787Z] Received message: {"action":"open","url":"https://www.geeksforgeeks.org/problems/next-smallest-palindrome4740/1","profile":"Profile 1"}
[2026-04-13T16:00:52.787Z] Attempting to open URL: https://www.geeksforgeeks.org/problems/next-smallest-palindrome4740/1 in profile: Profile 1
[2026-04-13T16:00:52.788Z] Running command: "C:\Program Files\Google\Chrome\Application\chrome.exe" --profile-directory="Profile 1" --new-window https://www.geeksforgeeks.org/problems/next-smallest-palindrome4740/1
[2026-04-13T16:00:52.807Z] Process spawned successfully
[2026-04-13T16:00:52.808Z] Sent response: {"success":true}
[2026-04-13T16:00:52.948Z] Native host started
[2026-04-13T16:00:52.953Z] Received message: {"action":"open","url":"https://www.geeksforgeeks.org/problems/next-smallest-palindrome4740/1","profile":"Profile 1"}
[2026-04-13T16:00:52.954Z] Attempting to open URL: https://www.geeksforgeeks.org/problems/next-smallest-palindrome4740/1 in profile: Profile 1
[2026-04-13T16:00:52.954Z] Running command: "C:\Program Files\Google\Chrome\Application\chrome.exe" --profile-directory="Profile 1" --new-window https://www.geeksforgeeks.org/problems/next-smallest-palindrome4740/1
[2026-04-13T16:00:52.969Z] Process spawned successfully
[2026-04-13T16:00:52.970Z] Sent response: {"success":true}
[2026-04-13T16:00:53.119Z] Native host started
[2026-04-13T16:00:53.125Z] Received message: {"action":"open","url":"https://www.geeksforgeeks.org/problems/next-smallest-palindrome4740/1","profile":"Profile 1"}
[2026-04-13T16:00:53.125Z] Attempting to open URL: https://www.geeksforgeeks.org/problems/next-smallest-palindrome4740/1 in profile: Profile 1
[2026-04-13T16:00:53.126Z] Running command: "C:\Program Files\Google\Chrome\Application\chrome.exe" --profile-directory="Profile 1" --new-window https://www.geeksforgeeks.org/problems/next-smallest-palindrome4740/1
[2026-04-13T16:00:53.143Z] Process spawned successfully
[2026-04-13T16:00:53.145Z] Sent response: {"success":true}
[2026-04-13T16:00:55.399Z] Native host started
[2026-04-13T16:00:55.404Z] Received message: {"action":"open","url":"https://www.geeksforgeeks.org/problems/next-smallest-palindrome4740/1","profile":"Profile 1"}
[2026-04-13T16:00:55.405Z] Attempting to open URL: https://www.geeksforgeeks.org/problems/next-smallest-palindrome4740/1 in profile: Profile 1
[2026-04-13T16:00:55.405Z] Running command: "C:\Program Files\Google\Chrome\Application\chrome.exe" --profile-directory="Profile 1" --new-window https://www.geeksforgeeks.org/problems/next-smallest-palindrome4740/1
[2026-04-13T16:00:55.419Z] Process spawned successfully
[2026-04-13T16:00:55.421Z] Sent response: {"success":true}
[2026-04-13T16:00:55.721Z] Native host started
[2026-04-13T16:00:55.764Z] Received message: {"action":"open","url":"https://www.geeksforgeeks.org/problems/next-smallest-palindrome4740/1","profile":"Profile 1"}
[2026-04-13T16:00:55.765Z] Attempting to open URL: https://www.geeksforgeeks.org/problems/next-smallest-palindrome4740/1 in profile: Profile 1
[2026-04-13T16:00:55.765Z] Running command: "C:\Program Files\Google\Chrome\Application\chrome.exe" --profile-directory="Profile 1" --new-window https://www.geeksforgeeks.org/problems/next-smallest-palindrome4740/1
[2026-04-13T16:00:55.782Z] Process spawned successfully
[2026-04-13T16:00:55.783Z] Sent response: {"success":true}
[2026-04-13T16:00:55.938Z] Native host started
[2026-04-13T16:00:55.943Z] Received message: {"action":"open","url":"https://www.geeksforgeeks.org/problems/next-smallest-palindrome4740/1","profile":"Profile 1"}
[2026-04-13T16:00:55.943Z] Attempting to open URL: https://www.geeksforgeeks.org/problems/next-smallest-palindrome4740/1 in profile: Profile 1
[2026-04-13T16:00:55.944Z] Running command: "C:\Program Files\Google\Chrome\Application\chrome.exe" --profile-directory="Profile 1" --new-window https://www.geeksforgeeks.org/problems/next-smallest-palindrome4740/1
[2026-04-13T16:00:55.958Z] Process spawned successfully
[2026-04-13T16:00:55.959Z] Sent response: {"success":true}
[2026-04-13T16:00:58.844Z] Native host started
[2026-04-13T16:00:58.849Z] Received message: {"action":"open","url":"https://www.geeksforgeeks.org/problems/next-smallest-palindrome4740/1","profile":"Profile 1"}
[2026-04-13T16:00:58.850Z] Attempting to open URL: https://www.geeksforgeeks.org/problems/next-smallest-palindrome4740/1 in profile: Profile 1
[2026-04-13T16:00:58.850Z] Running command: "C:\Program Files\Google\Chrome\Application\chrome.exe" --profile-directory="Profile 1" --new-window https://www.geeksforgeeks.org/problems/next-smallest-palindrome4740/1
[2026-04-13T16:00:58.863Z] Process spawned successfully
[2026-04-13T16:00:58.864Z] Sent response: {"success":true}
[2026-04-13T16:01:36.661Z] Native host started
[2026-04-13T16:01:36.666Z] Received message: {"action":"open","url":"https://www.geeksforgeeks.org/problems/next-smallest-palindrome4740/1","profile":"Profile 1"}
[2026-04-13T16:01:36.666Z] Attempting to open URL: https://www.geeksforgeeks.org/problems/next-smallest-palindrome4740/1 in profile: Profile 1
[2026-04-13T16:01:36.667Z] Running command: "C:\Program Files\Google\Chrome\Application\chrome.exe" --profile-directory="Profile 1" --new-window https://www.geeksforgeeks.org/problems/next-smallest-palindrome4740/1
[2026-04-13T16:01:36.680Z] Process spawned successfully
[2026-04-13T16:01:36.681Z] Sent response: {"success":true}
[2026-04-13T17:05:14.184Z] Native host started
[2026-04-13T17:05:50.912Z] Native host started
[2026-04-13T17:05:50.928Z] Received message: {"action":"list_profiles"}
[2026-04-13T17:05:50.929Z] Reading profiles from: C:\Users\vijay\AppData\Local\Google\Chrome\User Data
[2026-04-13T17:05:50.991Z] Found 5 profiles: Default, Guest Profile, Profile 1, Profile 2, System Profile
[2026-04-13T17:05:50.992Z] Sent response: {"success":true,"profiles":[{"directory":"Default","name":"Person 1"},{"directory":"Guest Profile","name":"Guest"},{"directory":"Profile 1","name":"Person 1"},{"directory":"Profile 2","name":"Person 1"},{"directory":"System Profile","name":"Person 1"}]}
[2026-04-13T17:05:50.995Z] stdin closed, exiting
[2026-04-13T17:05:51.638Z] Native host started
[2026-04-13T17:05:51.641Z] Received message: {"action":"list_profiles"}
[2026-04-13T17:05:51.642Z] Reading profiles from: C:\Users\vijay\AppData\Local\Google\Chrome\User Data
[2026-04-13T17:05:51.664Z] Found 5 profiles: Default, Guest Profile, Profile 1, Profile 2, System Profile
[2026-04-13T17:05:51.664Z] Sent response: {"success":true,"profiles":[{"directory":"Default","name":"Person 1"},{"directory":"Guest Profile","name":"Guest"},{"directory":"Profile 1","name":"Person 1"},{"directory":"Profile 2","name":"Person 1"},{"directory":"System Profile","name":"Person 1"}]}
[2026-04-13T17:05:51.666Z] stdin closed, exiting
